<?xml version="1.0" encoding="UTF-8"?>
<!-- Generated by org.testng.reporters.JUnitXMLReporter -->
<testsuite hostname="Abdou-PC" ignored="0" name="e-Banking_Test" tests="8" failures="0" timestamp="22 Mar 2021 22:03:50 GMT" time="81.735" errors="0">
  <testcase name="@AfterClass tearDown" time="0.004" classname="com.inetBanking.utilities.BaseTest">
    <failure type="java.lang.NullPointerException">
      <![CDATA[java.lang.NullPointerException
at com.inetBanking.utilities.BaseTest.tearDown(BaseTest.java:116)
... Removed 26 stack frames]]>
    </failure>
  </testcase> <!-- @AfterClass tearDown -->
  <testcase name="login" time="3.203" classname="com.inetBanking.testcases.TC_LoginTest_001"/>
  <testcase name="loginDTT" time="0.0" classname="com.inetBanking.testcases.TC_LoginTest_DDT_001">
    <skipped/>
  </testcase> <!-- loginDTT -->
  <testcase name="goHome" time="2.481" classname="com.inetBanking.testcases.TC_HomeTest_002"/>
  <testcase name="addNewCustomer" time="10.474" classname="com.inetBanking.testcases.TC_AddCustomerTest_003"/>
  <testcase name="deposit" time="3.407" classname="com.inetBanking.testcases.TC_DepositTest_004"/>
  <testcase name="withdrawal" time="4.643" classname="com.inetBanking.testcases.TC_WithdrawalTest_005"/>
  <testcase name="deposit" time="4.398" classname="com.inetBanking.testcases.TC_FundTransferTest_006"/>
  <testcase name="deposit" time="4.779" classname="com.inetBanking.testcases.TC_CustomisedStatementTest_007"/>
</testsuite> <!-- e-Banking_Test -->
