<?xml version="1.0" encoding="UTF-8"?>
<!-- Generated by org.testng.reporters.JUnitXMLReporter -->
<testsuite hostname="Abdou-PC" ignored="0" name="e-Banking_Test" tests="7" failures="0" timestamp="21 Mar 2021 23:06:06 GMT" time="113.154" errors="0">
  <testcase name="login" time="1.579" classname="com.inetBanking.testcases.TC_LoginTest_001"/>
  <testcase name="goHome" time="2.5" classname="com.inetBanking.testcases.TC_HomeTest_002"/>
  <testcase name="addNewCustomer" time="4.595" classname="com.inetBanking.testcases.TC_AddCustomerTest_003"/>
  <testcase name="deposit" time="3.979" classname="com.inetBanking.testcases.TC_DepositTest_004"/>
  <testcase name="withdrawal" time="3.176" classname="com.inetBanking.testcases.TC_WithdrawalTest_005"/>
  <testcase name="deposit" time="4.272" classname="com.inetBanking.testcases.TC_FundTransferTest_006"/>
  <testcase name="deposit" time="4.693" classname="com.inetBanking.testcases.TC_CustomisedStatementTest_007"/>
</testsuite> <!-- e-Banking_Test -->
