<?xml version="1.0" encoding="UTF-8"?>
<testng-results skipped="1" failed="0" ignored="0" total="8" passed="7">
  <reporter-output>
  </reporter-output>
  <suite name="Suite" duration-ms="81735" started-at="2021-03-22T22:02:28Z" finished-at="2021-03-22T22:03:50Z">
    <groups>
    </groups>
    <test name="e-Banking_Test" duration-ms="81735" started-at="2021-03-22T22:02:28Z" finished-at="2021-03-22T22:03:50Z">
      <class name="com.inetBanking.testcases.TC_CustomisedStatementTest_007">
        <test-method status="PASS" signature="setUp()[pri:0, instance:com.inetBanking.testcases.TC_CustomisedStatementTest_007@52bf72b5]" name="setUp" is-config="true" duration-ms="0" started-at="2021-03-22T22:03:38Z" finished-at="2021-03-22T22:03:38Z">
          <reporter-output>
          </reporter-output>
        </test-method> <!-- setUp -->
        <test-method status="PASS" signature="goLogin(java.lang.String)[pri:0, instance:com.inetBanking.testcases.TC_CustomisedStatementTest_007@52bf72b5]" name="goLogin" is-config="true" duration-ms="5848" started-at="2021-03-22T22:03:38Z" finished-at="2021-03-22T22:03:44Z">
          <params>
            <param index="0">
              <value>
                <![CDATA[chrome]]>
              </value>
            </param>
          </params>
          <reporter-output>
          </reporter-output>
        </test-method> <!-- goLogin -->
        <test-method status="PASS" signature="deposit()[pri:0, instance:com.inetBanking.testcases.TC_CustomisedStatementTest_007@52bf72b5]" name="deposit" duration-ms="4779" started-at="2021-03-22T22:03:44Z" finished-at="2021-03-22T22:03:49Z">
          <reporter-output>
          </reporter-output>
        </test-method> <!-- deposit -->
        <test-method status="PASS" signature="recordFailure(org.testng.ITestResult)[pri:0, instance:com.inetBanking.testcases.TC_CustomisedStatementTest_007@52bf72b5]" name="recordFailure" is-config="true" duration-ms="81" started-at="2021-03-22T22:03:49Z" finished-at="2021-03-22T22:03:49Z">
          <params>
            <param index="0">
              <value>
                <![CDATA[[TestResult name=deposit status=SUCCESS method=TC_CustomisedStatementTest_007.deposit()[pri:0, instance:com.inetBanking.testcases.TC_CustomisedStatementTest_007@52bf72b5] output={null}]]]>
              </value>
            </param>
          </params>
          <reporter-output>
          </reporter-output>
        </test-method> <!-- recordFailure -->
        <test-method status="PASS" signature="tearDown()[pri:0, instance:com.inetBanking.testcases.TC_CustomisedStatementTest_007@52bf72b5]" name="tearDown" is-config="true" duration-ms="579" started-at="2021-03-22T22:03:49Z" finished-at="2021-03-22T22:03:50Z">
          <reporter-output>
          </reporter-output>
        </test-method> <!-- tearDown -->
      </class> <!-- com.inetBanking.testcases.TC_CustomisedStatementTest_007 -->
      <class name="com.inetBanking.testcases.TC_FundTransferTest_006">
        <test-method status="PASS" signature="setUp()[pri:0, instance:com.inetBanking.testcases.TC_FundTransferTest_006@6d763516]" name="setUp" is-config="true" duration-ms="0" started-at="2021-03-22T22:03:27Z" finished-at="2021-03-22T22:03:27Z">
          <reporter-output>
          </reporter-output>
        </test-method> <!-- setUp -->
        <test-method status="PASS" signature="goLogin(java.lang.String)[pri:0, instance:com.inetBanking.testcases.TC_FundTransferTest_006@6d763516]" name="goLogin" is-config="true" duration-ms="6227" started-at="2021-03-22T22:03:27Z" finished-at="2021-03-22T22:03:33Z">
          <params>
            <param index="0">
              <value>
                <![CDATA[chrome]]>
              </value>
            </param>
          </params>
          <reporter-output>
          </reporter-output>
        </test-method> <!-- goLogin -->
        <test-method status="PASS" signature="deposit()[pri:0, instance:com.inetBanking.testcases.TC_FundTransferTest_006@6d763516]" name="deposit" duration-ms="4398" started-at="2021-03-22T22:03:33Z" finished-at="2021-03-22T22:03:38Z">
          <reporter-output>
          </reporter-output>
        </test-method> <!-- deposit -->
        <test-method status="PASS" signature="recordFailure(org.testng.ITestResult)[pri:0, instance:com.inetBanking.testcases.TC_FundTransferTest_006@6d763516]" name="recordFailure" is-config="true" duration-ms="231" started-at="2021-03-22T22:03:38Z" finished-at="2021-03-22T22:03:38Z">
          <params>
            <param index="0">
              <value>
                <![CDATA[[TestResult name=deposit status=SUCCESS method=TC_FundTransferTest_006.deposit()[pri:0, instance:com.inetBanking.testcases.TC_FundTransferTest_006@6d763516] output={null}]]]>
              </value>
            </param>
          </params>
          <reporter-output>
          </reporter-output>
        </test-method> <!-- recordFailure -->
        <test-method status="PASS" signature="tearDown()[pri:0, instance:com.inetBanking.testcases.TC_FundTransferTest_006@6d763516]" name="tearDown" is-config="true" duration-ms="560" started-at="2021-03-22T22:03:38Z" finished-at="2021-03-22T22:03:38Z">
          <reporter-output>
          </reporter-output>
        </test-method> <!-- tearDown -->
      </class> <!-- com.inetBanking.testcases.TC_FundTransferTest_006 -->
      <class name="com.inetBanking.testcases.TC_LoginTest_DDT_001">
        <test-method status="PASS" signature="setUp()[pri:0, instance:com.inetBanking.testcases.TC_LoginTest_DDT_001@7ec7ffd3]" name="setUp" is-config="true" duration-ms="0" started-at="2021-03-22T22:02:39Z" finished-at="2021-03-22T22:02:39Z">
          <reporter-output>
          </reporter-output>
        </test-method> <!-- setUp -->
        <test-method status="SKIP" signature="loginDTT(java.lang.String, java.lang.String)[pri:0, instance:com.inetBanking.testcases.TC_LoginTest_DDT_001@7ec7ffd3]" name="loginDTT" duration-ms="0" started-at="2021-03-22T22:02:39Z" data-provider="dataLogin" finished-at="2021-03-22T22:02:39Z">
          <exception class="java.lang.RuntimeException">
            <message>
              <![CDATA[java.lang.NegativeArraySizeException]]>
            </message>
            <full-stacktrace>
              <![CDATA[java.lang.RuntimeException: java.lang.NegativeArraySizeException
at org.testng.internal.MethodInvocationHelper.invokeMethodNoCheckedException(MethodInvocationHelper.java:49)
at org.testng.internal.MethodInvocationHelper.invokeDataProvider(MethodInvocationHelper.java:131)
at org.testng.internal.Parameters.handleParameters(Parameters.java:706)
at org.testng.internal.ParameterHandler.handleParameters(ParameterHandler.java:49)
at org.testng.internal.ParameterHandler.createParameters(ParameterHandler.java:37)
at org.testng.internal.Invoker.invokeTestMethods(Invoker.java:924)
at org.testng.internal.TestMethodWorker.invokeTestMethods(TestMethodWorker.java:125)
at org.testng.internal.TestMethodWorker.run(TestMethodWorker.java:109)
at org.testng.TestRunner.privateRun(TestRunner.java:648)
at org.testng.TestRunner.run(TestRunner.java:505)
at org.testng.SuiteRunner.runTest(SuiteRunner.java:455)
at org.testng.SuiteRunner.runSequentially(SuiteRunner.java:450)
at org.testng.SuiteRunner.privateRun(SuiteRunner.java:415)
at org.testng.SuiteRunner.run(SuiteRunner.java:364)
at org.testng.SuiteRunnerWorker.runSuite(SuiteRunnerWorker.java:52)
at org.testng.SuiteRunnerWorker.run(SuiteRunnerWorker.java:84)
at org.testng.TestNG.runSuitesSequentially(TestNG.java:1208)
at org.testng.TestNG.runSuitesLocally(TestNG.java:1137)
at org.testng.TestNG.runSuites(TestNG.java:1049)
at org.testng.TestNG.run(TestNG.java:1017)
at org.testng.remote.AbstractRemoteTestNG.run(AbstractRemoteTestNG.java:115)
at org.testng.remote.RemoteTestNG.initAndRun(RemoteTestNG.java:251)
at org.testng.remote.RemoteTestNG.main(RemoteTestNG.java:77)
Caused by: java.lang.NegativeArraySizeException
at com.inetBanking.utilities.ExcelUtils.testData(ExcelUtils.java:95)
at com.inetBanking.testcases.TC_LoginTest_DDT_001.getData(TC_LoginTest_DDT_001.java:23)
at sun.reflect.NativeMethodAccessorImpl.invoke0(Native Method)
at sun.reflect.NativeMethodAccessorImpl.invoke(NativeMethodAccessorImpl.java:62)
at sun.reflect.DelegatingMethodAccessorImpl.invoke(DelegatingMethodAccessorImpl.java:43)
at java.lang.reflect.Method.invoke(Method.java:498)
at org.testng.internal.MethodInvocationHelper.invokeMethod(MethodInvocationHelper.java:124)
at org.testng.internal.MethodInvocationHelper.invokeMethod(MethodInvocationHelper.java:74)
at org.testng.internal.MethodInvocationHelper.invokeMethodNoCheckedException(MethodInvocationHelper.java:45)
... 22 more
]]>
            </full-stacktrace>
          </exception> <!-- java.lang.RuntimeException -->
          <reporter-output>
          </reporter-output>
        </test-method> <!-- loginDTT -->
        <test-method status="FAIL" signature="tearDown()[pri:0, instance:com.inetBanking.testcases.TC_LoginTest_DDT_001@7ec7ffd3]" name="tearDown" is-config="true" duration-ms="4" started-at="2021-03-22T22:02:39Z" finished-at="2021-03-22T22:02:39Z">
          <exception class="java.lang.NullPointerException">
            <full-stacktrace>
              <![CDATA[java.lang.NullPointerException
at com.inetBanking.utilities.BaseTest.tearDown(BaseTest.java:116)
at sun.reflect.NativeMethodAccessorImpl.invoke0(Native Method)
at sun.reflect.NativeMethodAccessorImpl.invoke(NativeMethodAccessorImpl.java:62)
at sun.reflect.DelegatingMethodAccessorImpl.invoke(DelegatingMethodAccessorImpl.java:43)
at java.lang.reflect.Method.invoke(Method.java:498)
at org.testng.internal.MethodInvocationHelper.invokeMethod(MethodInvocationHelper.java:124)
at org.testng.internal.MethodInvocationHelper.invokeMethodConsideringTimeout(MethodInvocationHelper.java:59)
at org.testng.internal.Invoker.invokeConfigurationMethod(Invoker.java:458)
at org.testng.internal.Invoker.invokeConfigurations(Invoker.java:222)
at org.testng.internal.Invoker.invokeConfigurations(Invoker.java:142)
at org.testng.internal.TestMethodWorker.invokeAfterClassMethods(TestMethodWorker.java:214)
at org.testng.internal.TestMethodWorker.run(TestMethodWorker.java:111)
at org.testng.TestRunner.privateRun(TestRunner.java:648)
at org.testng.TestRunner.run(TestRunner.java:505)
at org.testng.SuiteRunner.runTest(SuiteRunner.java:455)
at org.testng.SuiteRunner.runSequentially(SuiteRunner.java:450)
at org.testng.SuiteRunner.privateRun(SuiteRunner.java:415)
at org.testng.SuiteRunner.run(SuiteRunner.java:364)
at org.testng.SuiteRunnerWorker.runSuite(SuiteRunnerWorker.java:52)
at org.testng.SuiteRunnerWorker.run(SuiteRunnerWorker.java:84)
at org.testng.TestNG.runSuitesSequentially(TestNG.java:1208)
at org.testng.TestNG.runSuitesLocally(TestNG.java:1137)
at org.testng.TestNG.runSuites(TestNG.java:1049)
at org.testng.TestNG.run(TestNG.java:1017)
at org.testng.remote.AbstractRemoteTestNG.run(AbstractRemoteTestNG.java:115)
at org.testng.remote.RemoteTestNG.initAndRun(RemoteTestNG.java:251)
at org.testng.remote.RemoteTestNG.main(RemoteTestNG.java:77)
]]>
            </full-stacktrace>
          </exception> <!-- java.lang.NullPointerException -->
          <reporter-output>
          </reporter-output>
        </test-method> <!-- tearDown -->
      </class> <!-- com.inetBanking.testcases.TC_LoginTest_DDT_001 -->
      <class name="com.inetBanking.testcases.TC_HomeTest_002">
        <test-method status="PASS" signature="setUp()[pri:0, instance:com.inetBanking.testcases.TC_HomeTest_002@5b239d7d]" name="setUp" is-config="true" duration-ms="0" started-at="2021-03-22T22:02:39Z" finished-at="2021-03-22T22:02:39Z">
          <reporter-output>
          </reporter-output>
        </test-method> <!-- setUp -->
        <test-method status="PASS" signature="goLogin(java.lang.String)[pri:0, instance:com.inetBanking.testcases.TC_HomeTest_002@5b239d7d]" name="goLogin" is-config="true" duration-ms="5815" started-at="2021-03-22T22:02:39Z" finished-at="2021-03-22T22:02:45Z">
          <params>
            <param index="0">
              <value>
                <![CDATA[chrome]]>
              </value>
            </param>
          </params>
          <reporter-output>
          </reporter-output>
        </test-method> <!-- goLogin -->
        <test-method status="PASS" signature="goHome()[pri:0, instance:com.inetBanking.testcases.TC_HomeTest_002@5b239d7d]" name="goHome" duration-ms="2481" started-at="2021-03-22T22:02:45Z" finished-at="2021-03-22T22:02:48Z">
          <reporter-output>
          </reporter-output>
        </test-method> <!-- goHome -->
        <test-method status="PASS" signature="recordFailure(org.testng.ITestResult)[pri:0, instance:com.inetBanking.testcases.TC_HomeTest_002@5b239d7d]" name="recordFailure" is-config="true" duration-ms="60" started-at="2021-03-22T22:02:48Z" finished-at="2021-03-22T22:02:48Z">
          <params>
            <param index="0">
              <value>
                <![CDATA[[TestResult name=goHome status=SUCCESS method=TC_HomeTest_002.goHome()[pri:0, instance:com.inetBanking.testcases.TC_HomeTest_002@5b239d7d] output={null}]]]>
              </value>
            </param>
          </params>
          <reporter-output>
          </reporter-output>
        </test-method> <!-- recordFailure -->
        <test-method status="PASS" signature="tearDown()[pri:0, instance:com.inetBanking.testcases.TC_HomeTest_002@5b239d7d]" name="tearDown" is-config="true" duration-ms="582" started-at="2021-03-22T22:02:48Z" finished-at="2021-03-22T22:02:48Z">
          <reporter-output>
          </reporter-output>
        </test-method> <!-- tearDown -->
      </class> <!-- com.inetBanking.testcases.TC_HomeTest_002 -->
      <class name="com.inetBanking.testcases.TC_AddCustomerTest_003">
        <test-method status="PASS" signature="setUp()[pri:0, instance:com.inetBanking.testcases.TC_AddCustomerTest_003@6572421]" name="setUp" is-config="true" duration-ms="0" started-at="2021-03-22T22:02:48Z" finished-at="2021-03-22T22:02:48Z">
          <reporter-output>
          </reporter-output>
        </test-method> <!-- setUp -->
        <test-method status="PASS" signature="goLogin(java.lang.String)[pri:0, instance:com.inetBanking.testcases.TC_AddCustomerTest_003@6572421]" name="goLogin" is-config="true" duration-ms="5848" started-at="2021-03-22T22:02:48Z" finished-at="2021-03-22T22:02:54Z">
          <params>
            <param index="0">
              <value>
                <![CDATA[chrome]]>
              </value>
            </param>
          </params>
          <reporter-output>
          </reporter-output>
        </test-method> <!-- goLogin -->
        <test-method status="PASS" signature="addNewCustomer()[pri:0, instance:com.inetBanking.testcases.TC_AddCustomerTest_003@6572421]" name="addNewCustomer" duration-ms="10474" started-at="2021-03-22T22:02:54Z" finished-at="2021-03-22T22:03:05Z">
          <reporter-output>
          </reporter-output>
        </test-method> <!-- addNewCustomer -->
        <test-method status="PASS" signature="recordFailure(org.testng.ITestResult)[pri:0, instance:com.inetBanking.testcases.TC_AddCustomerTest_003@6572421]" name="recordFailure" is-config="true" duration-ms="117" started-at="2021-03-22T22:03:05Z" finished-at="2021-03-22T22:03:05Z">
          <params>
            <param index="0">
              <value>
                <![CDATA[[TestResult name=addNewCustomer status=SUCCESS method=TC_AddCustomerTest_003.addNewCustomer()[pri:0, instance:com.inetBanking.testcases.TC_AddCustomerTest_003@6572421] output={null}]]]>
              </value>
            </param>
          </params>
          <reporter-output>
          </reporter-output>
        </test-method> <!-- recordFailure -->
        <test-method status="PASS" signature="tearDown()[pri:0, instance:com.inetBanking.testcases.TC_AddCustomerTest_003@6572421]" name="tearDown" is-config="true" duration-ms="598" started-at="2021-03-22T22:03:05Z" finished-at="2021-03-22T22:03:05Z">
          <reporter-output>
          </reporter-output>
        </test-method> <!-- tearDown -->
      </class> <!-- com.inetBanking.testcases.TC_AddCustomerTest_003 -->
      <class name="com.inetBanking.testcases.TC_LoginTest_001">
        <test-method status="PASS" signature="setUp()[pri:0, instance:com.inetBanking.testcases.TC_LoginTest_001@5876a9af]" name="setUp" is-config="true" duration-ms="10" started-at="2021-03-22T22:02:28Z" finished-at="2021-03-22T22:02:28Z">
          <reporter-output>
          </reporter-output>
        </test-method> <!-- setUp -->
        <test-method status="PASS" signature="goLogin(java.lang.String)[pri:0, instance:com.inetBanking.testcases.TC_LoginTest_001@5876a9af]" name="goLogin" is-config="true" duration-ms="7317" started-at="2021-03-22T22:02:28Z" finished-at="2021-03-22T22:02:35Z">
          <params>
            <param index="0">
              <value>
                <![CDATA[chrome]]>
              </value>
            </param>
          </params>
          <reporter-output>
          </reporter-output>
        </test-method> <!-- goLogin -->
        <test-method status="PASS" signature="login()[pri:0, instance:com.inetBanking.testcases.TC_LoginTest_001@5876a9af]" name="login" duration-ms="3203" started-at="2021-03-22T22:02:35Z" finished-at="2021-03-22T22:02:38Z">
          <reporter-output>
          </reporter-output>
        </test-method> <!-- login -->
        <test-method status="PASS" signature="recordFailure(org.testng.ITestResult)[pri:0, instance:com.inetBanking.testcases.TC_LoginTest_001@5876a9af]" name="recordFailure" is-config="true" duration-ms="226" started-at="2021-03-22T22:02:38Z" finished-at="2021-03-22T22:02:39Z">
          <params>
            <param index="0">
              <value>
                <![CDATA[[TestResult name=login status=SUCCESS method=TC_LoginTest_001.login()[pri:0, instance:com.inetBanking.testcases.TC_LoginTest_001@5876a9af] output={null}]]]>
              </value>
            </param>
          </params>
          <reporter-output>
          </reporter-output>
        </test-method> <!-- recordFailure -->
        <test-method status="PASS" signature="tearDown()[pri:0, instance:com.inetBanking.testcases.TC_LoginTest_001@5876a9af]" name="tearDown" is-config="true" duration-ms="662" started-at="2021-03-22T22:02:39Z" finished-at="2021-03-22T22:02:39Z">
          <reporter-output>
          </reporter-output>
        </test-method> <!-- tearDown -->
      </class> <!-- com.inetBanking.testcases.TC_LoginTest_001 -->
      <class name="com.inetBanking.testcases.TC_WithdrawalTest_005">
        <test-method status="PASS" signature="setUp()[pri:0, instance:com.inetBanking.testcases.TC_WithdrawalTest_005@2a798d51]" name="setUp" is-config="true" duration-ms="0" started-at="2021-03-22T22:03:16Z" finished-at="2021-03-22T22:03:16Z">
          <reporter-output>
          </reporter-output>
        </test-method> <!-- setUp -->
        <test-method status="PASS" signature="goLogin(java.lang.String)[pri:0, instance:com.inetBanking.testcases.TC_WithdrawalTest_005@2a798d51]" name="goLogin" is-config="true" duration-ms="5750" started-at="2021-03-22T22:03:16Z" finished-at="2021-03-22T22:03:22Z">
          <params>
            <param index="0">
              <value>
                <![CDATA[chrome]]>
              </value>
            </param>
          </params>
          <reporter-output>
          </reporter-output>
        </test-method> <!-- goLogin -->
        <test-method status="PASS" signature="withdrawal()[pri:0, instance:com.inetBanking.testcases.TC_WithdrawalTest_005@2a798d51]" name="withdrawal" duration-ms="4643" started-at="2021-03-22T22:03:22Z" finished-at="2021-03-22T22:03:26Z">
          <reporter-output>
          </reporter-output>
        </test-method> <!-- withdrawal -->
        <test-method status="PASS" signature="recordFailure(org.testng.ITestResult)[pri:0, instance:com.inetBanking.testcases.TC_WithdrawalTest_005@2a798d51]" name="recordFailure" is-config="true" duration-ms="154" started-at="2021-03-22T22:03:26Z" finished-at="2021-03-22T22:03:26Z">
          <params>
            <param index="0">
              <value>
                <![CDATA[[TestResult name=withdrawal status=SUCCESS method=TC_WithdrawalTest_005.withdrawal()[pri:0, instance:com.inetBanking.testcases.TC_WithdrawalTest_005@2a798d51] output={null}]]]>
              </value>
            </param>
          </params>
          <reporter-output>
          </reporter-output>
        </test-method> <!-- recordFailure -->
        <test-method status="PASS" signature="tearDown()[pri:0, instance:com.inetBanking.testcases.TC_WithdrawalTest_005@2a798d51]" name="tearDown" is-config="true" duration-ms="589" started-at="2021-03-22T22:03:26Z" finished-at="2021-03-22T22:03:27Z">
          <reporter-output>
          </reporter-output>
        </test-method> <!-- tearDown -->
      </class> <!-- com.inetBanking.testcases.TC_WithdrawalTest_005 -->
      <class name="com.inetBanking.testcases.TC_DepositTest_004">
        <test-method status="PASS" signature="setUp()[pri:0, instance:com.inetBanking.testcases.TC_DepositTest_004@6b81ce95]" name="setUp" is-config="true" duration-ms="0" started-at="2021-03-22T22:03:05Z" finished-at="2021-03-22T22:03:05Z">
          <reporter-output>
          </reporter-output>
        </test-method> <!-- setUp -->
        <test-method status="PASS" signature="goLogin(java.lang.String)[pri:0, instance:com.inetBanking.testcases.TC_DepositTest_004@6b81ce95]" name="goLogin" is-config="true" duration-ms="6142" started-at="2021-03-22T22:03:05Z" finished-at="2021-03-22T22:03:12Z">
          <params>
            <param index="0">
              <value>
                <![CDATA[chrome]]>
              </value>
            </param>
          </params>
          <reporter-output>
          </reporter-output>
        </test-method> <!-- goLogin -->
        <test-method status="PASS" signature="deposit()[pri:0, instance:com.inetBanking.testcases.TC_DepositTest_004@6b81ce95]" name="deposit" duration-ms="3407" started-at="2021-03-22T22:03:12Z" finished-at="2021-03-22T22:03:15Z">
          <reporter-output>
          </reporter-output>
        </test-method> <!-- deposit -->
        <test-method status="PASS" signature="recordFailure(org.testng.ITestResult)[pri:0, instance:com.inetBanking.testcases.TC_DepositTest_004@6b81ce95]" name="recordFailure" is-config="true" duration-ms="295" started-at="2021-03-22T22:03:15Z" finished-at="2021-03-22T22:03:15Z">
          <params>
            <param index="0">
              <value>
                <![CDATA[[TestResult name=deposit status=SUCCESS method=TC_DepositTest_004.deposit()[pri:0, instance:com.inetBanking.testcases.TC_DepositTest_004@6b81ce95] output={null}]]]>
              </value>
            </param>
          </params>
          <reporter-output>
          </reporter-output>
        </test-method> <!-- recordFailure -->
        <test-method status="PASS" signature="tearDown()[pri:0, instance:com.inetBanking.testcases.TC_DepositTest_004@6b81ce95]" name="tearDown" is-config="true" duration-ms="580" started-at="2021-03-22T22:03:15Z" finished-at="2021-03-22T22:03:16Z">
          <reporter-output>
          </reporter-output>
        </test-method> <!-- tearDown -->
      </class> <!-- com.inetBanking.testcases.TC_DepositTest_004 -->
    </test> <!-- e-Banking_Test -->
  </suite> <!-- Suite -->
</testng-results>
